2025-12-09 14:35:24,726 DEBUG    root            Loaded Command Group: ['gcloud', 'components']
2025-12-09 14:35:24,759 DEBUG    root            Loaded Command Group: ['gcloud', 'components', 'update']
2025-12-09 14:35:24,761 DEBUG    root            Running [gcloud.components.update] with arguments: [--quiet: "True", COMPONENT-IDS:8: "['gcloud', 'core', 'bq', 'gsutil', 'compute', 'preview', 'alpha', 'beta']"]
2025-12-09 14:35:24,762 INFO     ___FILE_ONLY___ Beginning update. This process may take several minutes.

2025-12-09 14:35:24,770 DEBUG    urllib3.connectionpool Starting new HTTPS connection (1): dl.google.com:443
2025-12-09 14:35:25,713 DEBUG    urllib3.connectionpool https://dl.google.com:443 "GET /dl/cloudsdk/channels/rapid/components-2.json HTTP/1.1" 200 24778
2025-12-09 14:35:25,733 WARNING  root            Component [compute] no longer exists.
2025-12-09 14:35:25,734 INFO     ___FILE_ONLY___ 

2025-12-09 14:35:25,735 INFO     ___FILE_ONLY___ 
Your current Google Cloud CLI version is: 549.0.0

2025-12-09 14:35:25,735 INFO     ___FILE_ONLY___ Installing components from version: 549.0.0

2025-12-09 14:35:25,735 INFO     ___FILE_ONLY___ 

2025-12-09 14:35:25,735 DEBUG    root            Chosen display Format:table[box,title="These components will be removed."](details.display_name:label=Name:align=left,version.version_string:label=Version:align=right,data.size.size(zero="",min=1048576):label=Size:align=right)
2025-12-09 14:35:25,736 DEBUG    root            Chosen display Format:table[box,title="These components will be updated."](details.display_name:label=Name:align=left,version.version_string:label=Version:align=right,data.size.size(zero="",min=1048576):label=Size:align=right)
2025-12-09 14:35:25,737 DEBUG    root            Chosen display Format:table[box,title="These components will be installed."](details.display_name:label=Name:align=left,version.version_string:label=Version:align=right,data.size.size(zero="",min=1048576):label=Size:align=right)
2025-12-09 14:35:25,763 INFO     ___FILE_ONLY___ ┌────────────────────────────────────────────────┐
2025-12-09 14:35:25,763 INFO     ___FILE_ONLY___ 

2025-12-09 14:35:25,763 INFO     ___FILE_ONLY___ │      These components will be installed.       │
2025-12-09 14:35:25,763 INFO     ___FILE_ONLY___ 

2025-12-09 14:35:25,763 INFO     ___FILE_ONLY___ ├─────────────────────────┬────────────┬─────────┤
2025-12-09 14:35:25,763 INFO     ___FILE_ONLY___ 

2025-12-09 14:35:25,763 INFO     ___FILE_ONLY___ │           Name          │  Version   │   Size  │
2025-12-09 14:35:25,763 INFO     ___FILE_ONLY___ 

2025-12-09 14:35:25,764 INFO     ___FILE_ONLY___ ├─────────────────────────┼────────────┼─────────┤
2025-12-09 14:35:25,764 INFO     ___FILE_ONLY___ 

2025-12-09 14:35:25,764 INFO     ___FILE_ONLY___ │ 
2025-12-09 14:35:25,764 INFO     ___FILE_ONLY___ gcloud Alpha Commands  
2025-12-09 14:35:25,764 INFO     ___FILE_ONLY___  
2025-12-09 14:35:25,764 INFO     ___FILE_ONLY___ │ 
2025-12-09 14:35:25,764 INFO     ___FILE_ONLY___ 2025.12.05
2025-12-09 14:35:25,764 INFO     ___FILE_ONLY___  
2025-12-09 14:35:25,764 INFO     ___FILE_ONLY___ │ 
2025-12-09 14:35:25,764 INFO     ___FILE_ONLY___ < 1 MiB
2025-12-09 14:35:25,765 INFO     ___FILE_ONLY___  
2025-12-09 14:35:25,765 INFO     ___FILE_ONLY___ │
2025-12-09 14:35:25,765 INFO     ___FILE_ONLY___ 

2025-12-09 14:35:25,765 INFO     ___FILE_ONLY___ │ 
2025-12-09 14:35:25,765 INFO     ___FILE_ONLY___ gcloud Beta Commands   
2025-12-09 14:35:25,765 INFO     ___FILE_ONLY___  
2025-12-09 14:35:25,765 INFO     ___FILE_ONLY___ │ 
2025-12-09 14:35:25,765 INFO     ___FILE_ONLY___ 2025.12.05
2025-12-09 14:35:25,766 INFO     ___FILE_ONLY___  
2025-12-09 14:35:25,766 INFO     ___FILE_ONLY___ │ 
2025-12-09 14:35:25,766 INFO     ___FILE_ONLY___ < 1 MiB
2025-12-09 14:35:25,766 INFO     ___FILE_ONLY___  
2025-12-09 14:35:25,766 INFO     ___FILE_ONLY___ │
2025-12-09 14:35:25,766 INFO     ___FILE_ONLY___ 

2025-12-09 14:35:25,766 INFO     ___FILE_ONLY___ │ 
2025-12-09 14:35:25,766 INFO     ___FILE_ONLY___ gcloud Preview Commands
2025-12-09 14:35:25,766 INFO     ___FILE_ONLY___  
2025-12-09 14:35:25,767 INFO     ___FILE_ONLY___ │ 
2025-12-09 14:35:25,767 INFO     ___FILE_ONLY___           
2025-12-09 14:35:25,767 INFO     ___FILE_ONLY___  
2025-12-09 14:35:25,767 INFO     ___FILE_ONLY___ │ 
2025-12-09 14:35:25,767 INFO     ___FILE_ONLY___ < 1 MiB
2025-12-09 14:35:25,767 INFO     ___FILE_ONLY___  
2025-12-09 14:35:25,767 INFO     ___FILE_ONLY___ │
2025-12-09 14:35:25,767 INFO     ___FILE_ONLY___ 

2025-12-09 14:35:25,768 INFO     ___FILE_ONLY___ └─────────────────────────┴────────────┴─────────┘
2025-12-09 14:35:25,768 INFO     ___FILE_ONLY___ 

2025-12-09 14:35:25,768 INFO     ___FILE_ONLY___ 

2025-12-09 14:35:25,772 DEBUG    urllib3.connectionpool Starting new HTTPS connection (1): dl.google.com:443
2025-12-09 14:35:26,715 DEBUG    urllib3.connectionpool https://dl.google.com:443 "GET /dl/cloudsdk/channels/rapid/RELEASE_NOTES HTTP/1.1" 200 342027
2025-12-09 14:35:27,691 INFO     ___FILE_ONLY___ For the latest full release notes, please visit:
  https://cloud.google.com/sdk/release_notes


2025-12-09 14:35:27,692 INFO     ___FILE_ONLY___ Performing in place update...


2025-12-09 14:35:27,694 INFO     ___FILE_ONLY___ ╔════════════════════════════════════════════════════════════╗

2025-12-09 14:35:27,694 INFO     ___FILE_ONLY___ ╠═ Downloading: gcloud Alpha Commands                       ═╣

2025-12-09 14:35:27,694 INFO     ___FILE_ONLY___ ╚
2025-12-09 14:35:27,698 DEBUG    urllib3.connectionpool Starting new HTTPS connection (1): dl.google.com:443
2025-12-09 14:35:28,676 DEBUG    urllib3.connectionpool https://dl.google.com:443 "GET /dl/cloudsdk/channels/rapid/components/google-cloud-sdk-alpha-20251205141901.tar.gz HTTP/1.1" 200 800
2025-12-09 14:35:28,677 INFO     ___FILE_ONLY___ ════════════════════════════════════════════════════════════
2025-12-09 14:35:28,677 INFO     ___FILE_ONLY___ ╝

2025-12-09 14:35:28,679 INFO     ___FILE_ONLY___ ╔════════════════════════════════════════════════════════════╗

2025-12-09 14:35:28,679 INFO     ___FILE_ONLY___ ╠═ Downloading: gcloud Beta Commands                        ═╣

2025-12-09 14:35:28,679 INFO     ___FILE_ONLY___ ╚
2025-12-09 14:35:28,683 DEBUG    urllib3.connectionpool Starting new HTTPS connection (1): dl.google.com:443
2025-12-09 14:35:29,665 DEBUG    urllib3.connectionpool https://dl.google.com:443 "GET /dl/cloudsdk/channels/rapid/components/google-cloud-sdk-beta-20251205141901.tar.gz HTTP/1.1" 200 797
2025-12-09 14:35:29,666 INFO     ___FILE_ONLY___ ════════════════════════════════════════════════════════════
2025-12-09 14:35:29,666 INFO     ___FILE_ONLY___ ╝

2025-12-09 14:35:29,668 INFO     ___FILE_ONLY___ ╔════════════════════════════════════════════════════════════╗

2025-12-09 14:35:29,668 INFO     ___FILE_ONLY___ ╠═ Downloading: gcloud Preview Commands                     ═╣

2025-12-09 14:35:29,669 INFO     ___FILE_ONLY___ ╚
2025-12-09 14:35:29,673 DEBUG    urllib3.connectionpool Starting new HTTPS connection (1): dl.google.com:443
2025-12-09 14:35:30,651 DEBUG    urllib3.connectionpool https://dl.google.com:443 "GET /dl/cloudsdk/channels/rapid/components/google-cloud-sdk-preview-20241115154308.tar.gz HTTP/1.1" 200 823
2025-12-09 14:35:30,652 INFO     ___FILE_ONLY___ ════════════════════════════════════════════════════════════
2025-12-09 14:35:30,652 INFO     ___FILE_ONLY___ ╝

2025-12-09 14:35:30,654 INFO     ___FILE_ONLY___ ╔════════════════════════════════════════════════════════════╗

2025-12-09 14:35:30,654 INFO     ___FILE_ONLY___ ╠═ Installing: gcloud Alpha Commands                        ═╣

2025-12-09 14:35:30,654 INFO     ___FILE_ONLY___ ╚
2025-12-09 14:35:30,656 INFO     ___FILE_ONLY___ ════════════════════════════════════════════════════════════
2025-12-09 14:35:30,656 INFO     ___FILE_ONLY___ ╝

2025-12-09 14:35:30,665 INFO     ___FILE_ONLY___ ╔════════════════════════════════════════════════════════════╗

2025-12-09 14:35:30,665 INFO     ___FILE_ONLY___ ╠═ Installing: gcloud Beta Commands                         ═╣

2025-12-09 14:35:30,665 INFO     ___FILE_ONLY___ ╚
2025-12-09 14:35:30,666 INFO     ___FILE_ONLY___ ════════════════════════════════════════════════════════════
2025-12-09 14:35:30,667 INFO     ___FILE_ONLY___ ╝

2025-12-09 14:35:30,673 INFO     ___FILE_ONLY___ ╔════════════════════════════════════════════════════════════╗

2025-12-09 14:35:30,673 INFO     ___FILE_ONLY___ ╠═ Installing: gcloud Preview Commands                      ═╣

2025-12-09 14:35:30,674 INFO     ___FILE_ONLY___ ╚
2025-12-09 14:35:30,674 INFO     ___FILE_ONLY___ ════════════════════════════════════════════════════════════
2025-12-09 14:35:30,675 INFO     ___FILE_ONLY___ ╝

2025-12-09 14:35:30,683 DEBUG    root            Updating notification cache...
2025-12-09 14:35:30,684 INFO     ___FILE_ONLY___ 

2025-12-09 14:35:30,686 INFO     ___FILE_ONLY___ Performing post processing steps...
2025-12-09 14:35:30,687 DEBUG    root            Executing command: ['/tools/google-cloud-sdk/bin/gcloud', 'components', 'post-process']
2025-12-09 14:35:44,343 DEBUG    ___FILE_ONLY___ 
2025-12-09 14:35:44,344 DEBUG    ___FILE_ONLY___ 
2025-12-09 14:35:44,456 INFO     root            descriptor_list: [{'universeDomain': 'googleapis.com', 'universeShortName': '', 'authenticationDomain': 'auth.cloud.google.com', 'projectPrefix': '', 'cloudWebDomain': 'cloud.google.com', 'documentationDomain': 'cloud.google.com', 'version': '1.0.0', 'state': 'primary', 'artifactRegistryDomain': 'pkg.dev'}]
2025-12-09 14:35:44,456 INFO     ___FILE_ONLY___ 
Update done!


2025-12-09 14:35:44,458 DEBUG    root            Chosen display Format:none
2025-12-09 14:35:44,458 INFO     root            Display format: "none"
