2025-12-09 14:34:54,902 DEBUG    root            Loaded Command Group: ['gcloud', 'components']
2025-12-09 14:34:54,906 DEBUG    root            Loaded Command Group: ['gcloud', 'components', 'update']
2025-12-09 14:34:54,907 DEBUG    root            Running [gcloud.components.update] with arguments: [--compile-python: "True", --quiet: "True", COMPONENT-IDS:6: "['core', 'gcloud-deps', 'bq', 'gcloud', 'gcloud-crc32c', 'gsutil']"]
2025-12-09 14:34:54,908 INFO     ___FILE_ONLY___ Beginning update. This process may take several minutes.

2025-12-09 14:34:54,945 DEBUG    urllib3.connectionpool Starting new HTTPS connection (1): dl.google.com:443
2025-12-09 14:34:55,887 DEBUG    urllib3.connectionpool https://dl.google.com:443 "GET /dl/cloudsdk/channels/rapid/components-2.json HTTP/1.1" 200 24778
2025-12-09 14:34:55,896 INFO     ___FILE_ONLY___ 

2025-12-09 14:34:55,897 INFO     ___FILE_ONLY___ 
Your current Google Cloud CLI version is: 549.0.0

2025-12-09 14:34:55,897 INFO     ___FILE_ONLY___ Installing components from version: 549.0.0

2025-12-09 14:34:55,897 INFO     ___FILE_ONLY___ 

2025-12-09 14:34:55,897 DEBUG    root            Chosen display Format:table[box,title="These components will be removed."](details.display_name:label=Name:align=left,version.version_string:label=Version:align=right,data.size.size(zero="",min=1048576):label=Size:align=right)
2025-12-09 14:34:55,898 DEBUG    root            Chosen display Format:table[box,title="These components will be updated."](details.display_name:label=Name:align=left,version.version_string:label=Version:align=right,data.size.size(zero="",min=1048576):label=Size:align=right)
2025-12-09 14:34:55,898 DEBUG    root            Chosen display Format:table[box,title="These components will be installed."](details.display_name:label=Name:align=left,version.version_string:label=Version:align=right,data.size.size(zero="",min=1048576):label=Size:align=right)
2025-12-09 14:34:55,941 INFO     ___FILE_ONLY___ ┌──────────────────────────────────────────────────────────────────────────────┐
2025-12-09 14:34:55,941 INFO     ___FILE_ONLY___ 

2025-12-09 14:34:55,941 INFO     ___FILE_ONLY___ │                     These components will be installed.                      │
2025-12-09 14:34:55,941 INFO     ___FILE_ONLY___ 

2025-12-09 14:34:55,941 INFO     ___FILE_ONLY___ ├─────────────────────────────────────────────────────┬────────────┬───────────┤
2025-12-09 14:34:55,941 INFO     ___FILE_ONLY___ 

2025-12-09 14:34:55,941 INFO     ___FILE_ONLY___ │                         Name                        │  Version   │    Size   │
2025-12-09 14:34:55,941 INFO     ___FILE_ONLY___ 

2025-12-09 14:34:55,942 INFO     ___FILE_ONLY___ ├─────────────────────────────────────────────────────┼────────────┼───────────┤
2025-12-09 14:34:55,942 INFO     ___FILE_ONLY___ 

2025-12-09 14:34:55,942 INFO     ___FILE_ONLY___ │ 
2025-12-09 14:34:55,942 INFO     ___FILE_ONLY___ BigQuery Command Line Tool                         
2025-12-09 14:34:55,942 INFO     ___FILE_ONLY___  
2025-12-09 14:34:55,942 INFO     ___FILE_ONLY___ │ 
2025-12-09 14:34:55,942 INFO     ___FILE_ONLY___     2.1.25
2025-12-09 14:34:55,942 INFO     ___FILE_ONLY___  
2025-12-09 14:34:55,942 INFO     ___FILE_ONLY___ │ 
2025-12-09 14:34:55,942 INFO     ___FILE_ONLY___   1.8 MiB
2025-12-09 14:34:55,942 INFO     ___FILE_ONLY___  
2025-12-09 14:34:55,942 INFO     ___FILE_ONLY___ │
2025-12-09 14:34:55,942 INFO     ___FILE_ONLY___ 

2025-12-09 14:34:55,942 INFO     ___FILE_ONLY___ │ 
2025-12-09 14:34:55,943 INFO     ___FILE_ONLY___ BigQuery Command Line Tool (Platform Specific)     
2025-12-09 14:34:55,943 INFO     ___FILE_ONLY___  
2025-12-09 14:34:55,943 INFO     ___FILE_ONLY___ │ 
2025-12-09 14:34:55,943 INFO     ___FILE_ONLY___     2.1.25
2025-12-09 14:34:55,943 INFO     ___FILE_ONLY___  
2025-12-09 14:34:55,943 INFO     ___FILE_ONLY___ │ 
2025-12-09 14:34:55,943 INFO     ___FILE_ONLY___   < 1 MiB
2025-12-09 14:34:55,943 INFO     ___FILE_ONLY___  
2025-12-09 14:34:55,943 INFO     ___FILE_ONLY___ │
2025-12-09 14:34:55,944 INFO     ___FILE_ONLY___ 

2025-12-09 14:34:55,944 INFO     ___FILE_ONLY___ │ 
2025-12-09 14:34:55,944 INFO     ___FILE_ONLY___ Bundled Python 3.13 (Platform Specific)            
2025-12-09 14:34:55,944 INFO     ___FILE_ONLY___  
2025-12-09 14:34:55,944 INFO     ___FILE_ONLY___ │ 
2025-12-09 14:34:55,944 INFO     ___FILE_ONLY___     3.13.7
2025-12-09 14:34:55,944 INFO     ___FILE_ONLY___  
2025-12-09 14:34:55,944 INFO     ___FILE_ONLY___ │ 
2025-12-09 14:34:55,944 INFO     ___FILE_ONLY___ 138.5 MiB
2025-12-09 14:34:55,944 INFO     ___FILE_ONLY___  
2025-12-09 14:34:55,944 INFO     ___FILE_ONLY___ │
2025-12-09 14:34:55,944 INFO     ___FILE_ONLY___ 

2025-12-09 14:34:55,944 INFO     ___FILE_ONLY___ │ 
2025-12-09 14:34:55,944 INFO     ___FILE_ONLY___ Cloud Storage Command Line Tool                    
2025-12-09 14:34:55,945 INFO     ___FILE_ONLY___  
2025-12-09 14:34:55,945 INFO     ___FILE_ONLY___ │ 
2025-12-09 14:34:55,945 INFO     ___FILE_ONLY___       5.35
2025-12-09 14:34:55,945 INFO     ___FILE_ONLY___  
2025-12-09 14:34:55,945 INFO     ___FILE_ONLY___ │ 
2025-12-09 14:34:55,945 INFO     ___FILE_ONLY___  12.4 MiB
2025-12-09 14:34:55,945 INFO     ___FILE_ONLY___  
2025-12-09 14:34:55,945 INFO     ___FILE_ONLY___ │
2025-12-09 14:34:55,945 INFO     ___FILE_ONLY___ 

2025-12-09 14:34:55,945 INFO     ___FILE_ONLY___ │ 
2025-12-09 14:34:55,945 INFO     ___FILE_ONLY___ Cloud Storage Command Line Tool (Platform Specific)
2025-12-09 14:34:55,945 INFO     ___FILE_ONLY___  
2025-12-09 14:34:55,945 INFO     ___FILE_ONLY___ │ 
2025-12-09 14:34:55,945 INFO     ___FILE_ONLY___       5.35
2025-12-09 14:34:55,945 INFO     ___FILE_ONLY___  
2025-12-09 14:34:55,945 INFO     ___FILE_ONLY___ │ 
2025-12-09 14:34:55,945 INFO     ___FILE_ONLY___   < 1 MiB
2025-12-09 14:34:55,945 INFO     ___FILE_ONLY___  
2025-12-09 14:34:55,945 INFO     ___FILE_ONLY___ │
2025-12-09 14:34:55,945 INFO     ___FILE_ONLY___ 

2025-12-09 14:34:55,945 INFO     ___FILE_ONLY___ │ 
2025-12-09 14:34:55,946 INFO     ___FILE_ONLY___ Google Cloud CLI Core Libraries (Platform Specific)
2025-12-09 14:34:55,946 INFO     ___FILE_ONLY___  
2025-12-09 14:34:55,946 INFO     ___FILE_ONLY___ │ 
2025-12-09 14:34:55,946 INFO     ___FILE_ONLY___ 2025.10.31
2025-12-09 14:34:55,946 INFO     ___FILE_ONLY___  
2025-12-09 14:34:55,946 INFO     ___FILE_ONLY___ │ 
2025-12-09 14:34:55,946 INFO     ___FILE_ONLY___   < 1 MiB
2025-12-09 14:34:55,946 INFO     ___FILE_ONLY___  
2025-12-09 14:34:55,946 INFO     ___FILE_ONLY___ │
2025-12-09 14:34:55,946 INFO     ___FILE_ONLY___ 

2025-12-09 14:34:55,946 INFO     ___FILE_ONLY___ │ 
2025-12-09 14:34:55,946 INFO     ___FILE_ONLY___ Google Cloud CRC32C Hash Tool (Platform Specific)  
2025-12-09 14:34:55,946 INFO     ___FILE_ONLY___  
2025-12-09 14:34:55,946 INFO     ___FILE_ONLY___ │ 
2025-12-09 14:34:55,946 INFO     ___FILE_ONLY___      1.0.0
2025-12-09 14:34:55,946 INFO     ___FILE_ONLY___  
2025-12-09 14:34:55,946 INFO     ___FILE_ONLY___ │ 
2025-12-09 14:34:55,946 INFO     ___FILE_ONLY___   1.5 MiB
2025-12-09 14:34:55,946 INFO     ___FILE_ONLY___  
2025-12-09 14:34:55,946 INFO     ___FILE_ONLY___ │
2025-12-09 14:34:55,947 INFO     ___FILE_ONLY___ 

2025-12-09 14:34:55,947 INFO     ___FILE_ONLY___ │ 
2025-12-09 14:34:55,947 INFO     ___FILE_ONLY___ gcloud cli dependencies (Platform Specific)        
2025-12-09 14:34:55,947 INFO     ___FILE_ONLY___  
2025-12-09 14:34:55,947 INFO     ___FILE_ONLY___ │ 
2025-12-09 14:34:55,947 INFO     ___FILE_ONLY___ 2021.04.16
2025-12-09 14:34:55,947 INFO     ___FILE_ONLY___  
2025-12-09 14:34:55,947 INFO     ___FILE_ONLY___ │ 
2025-12-09 14:34:55,947 INFO     ___FILE_ONLY___   < 1 MiB
2025-12-09 14:34:55,947 INFO     ___FILE_ONLY___  
2025-12-09 14:34:55,947 INFO     ___FILE_ONLY___ │
2025-12-09 14:34:55,947 INFO     ___FILE_ONLY___ 

2025-12-09 14:34:55,947 INFO     ___FILE_ONLY___ └─────────────────────────────────────────────────────┴────────────┴───────────┘
2025-12-09 14:34:55,947 INFO     ___FILE_ONLY___ 

2025-12-09 14:34:55,947 INFO     ___FILE_ONLY___ 

2025-12-09 14:34:55,950 DEBUG    urllib3.connectionpool Starting new HTTPS connection (1): dl.google.com:443
2025-12-09 14:34:56,914 DEBUG    urllib3.connectionpool https://dl.google.com:443 "GET /dl/cloudsdk/channels/rapid/RELEASE_NOTES HTTP/1.1" 200 342027
2025-12-09 14:34:57,440 INFO     ___FILE_ONLY___ For the latest full release notes, please visit:
  https://cloud.google.com/sdk/release_notes


2025-12-09 14:34:57,440 INFO     ___FILE_ONLY___ Performing in place update...


2025-12-09 14:34:57,442 INFO     ___FILE_ONLY___ ╔════════════════════════════════════════════════════════════╗

2025-12-09 14:34:57,442 INFO     ___FILE_ONLY___ ╠═ Downloading: BigQuery Command Line Tool                  ═╣

2025-12-09 14:34:57,442 INFO     ___FILE_ONLY___ ╚
2025-12-09 14:34:57,445 DEBUG    urllib3.connectionpool Starting new HTTPS connection (1): dl.google.com:443
2025-12-09 14:34:58,411 DEBUG    urllib3.connectionpool https://dl.google.com:443 "GET /dl/cloudsdk/channels/rapid/components/google-cloud-sdk-bq-20251024121634.tar.gz HTTP/1.1" 200 1911793
2025-12-09 14:34:58,422 INFO     ___FILE_ONLY___ ═
2025-12-09 14:34:58,423 INFO     ___FILE_ONLY___ ═
2025-12-09 14:34:58,423 INFO     ___FILE_ONLY___ ═
2025-12-09 14:34:58,423 INFO     ___FILE_ONLY___ ═
2025-12-09 14:34:58,423 INFO     ___FILE_ONLY___ ═
2025-12-09 14:34:58,423 INFO     ___FILE_ONLY___ ═
2025-12-09 14:34:58,423 INFO     ___FILE_ONLY___ ═
2025-12-09 14:34:58,423 INFO     ___FILE_ONLY___ ═
2025-12-09 14:34:58,423 INFO     ___FILE_ONLY___ ═
2025-12-09 14:34:58,423 INFO     ___FILE_ONLY___ ═
2025-12-09 14:34:58,424 INFO     ___FILE_ONLY___ ═
2025-12-09 14:34:58,424 INFO     ___FILE_ONLY___ ═
2025-12-09 14:34:58,424 INFO     ___FILE_ONLY___ ═
2025-12-09 14:34:58,424 INFO     ___FILE_ONLY___ ═
2025-12-09 14:34:58,424 INFO     ___FILE_ONLY___ ═
2025-12-09 14:34:58,424 INFO     ___FILE_ONLY___ ═
2025-12-09 14:34:58,424 INFO     ___FILE_ONLY___ ═
2025-12-09 14:34:58,424 INFO     ___FILE_ONLY___ ═
2025-12-09 14:34:58,424 INFO     ___FILE_ONLY___ ═
2025-12-09 14:34:58,424 INFO     ___FILE_ONLY___ ═
2025-12-09 14:34:58,424 INFO     ___FILE_ONLY___ ═
2025-12-09 14:34:58,424 INFO     ___FILE_ONLY___ ═
2025-12-09 14:34:58,425 INFO     ___FILE_ONLY___ ═
2025-12-09 14:34:58,425 INFO     ___FILE_ONLY___ ═
2025-12-09 14:34:58,425 INFO     ___FILE_ONLY___ ═
2025-12-09 14:34:58,425 INFO     ___FILE_ONLY___ ═
2025-12-09 14:34:58,425 INFO     ___FILE_ONLY___ ═
2025-12-09 14:34:58,425 INFO     ___FILE_ONLY___ ═
2025-12-09 14:34:58,425 INFO     ___FILE_ONLY___ ═
2025-12-09 14:34:58,425 INFO     ___FILE_ONLY___ ═
2025-12-09 14:34:58,425 INFO     ___FILE_ONLY___ ═
2025-12-09 14:34:58,425 INFO     ___FILE_ONLY___ ═
2025-12-09 14:34:58,425 INFO     ___FILE_ONLY___ ═
2025-12-09 14:34:58,426 INFO     ___FILE_ONLY___ ═
2025-12-09 14:34:58,426 INFO     ___FILE_ONLY___ ═
2025-12-09 14:34:58,426 INFO     ___FILE_ONLY___ ═
2025-12-09 14:34:58,426 INFO     ___FILE_ONLY___ ═
2025-12-09 14:34:58,426 INFO     ___FILE_ONLY___ ═
2025-12-09 14:34:58,426 INFO     ___FILE_ONLY___ ═
2025-12-09 14:34:58,426 INFO     ___FILE_ONLY___ ═
2025-12-09 14:34:58,426 INFO     ___FILE_ONLY___ ═
2025-12-09 14:34:58,426 INFO     ___FILE_ONLY___ ═
2025-12-09 14:34:58,426 INFO     ___FILE_ONLY___ ═
2025-12-09 14:34:58,426 INFO     ___FILE_ONLY___ ═
2025-12-09 14:34:58,427 INFO     ___FILE_ONLY___ ═
2025-12-09 14:34:58,427 INFO     ___FILE_ONLY___ ═
2025-12-09 14:34:58,427 INFO     ___FILE_ONLY___ ═
2025-12-09 14:34:58,427 INFO     ___FILE_ONLY___ ═
2025-12-09 14:34:58,427 INFO     ___FILE_ONLY___ ═
2025-12-09 14:34:58,427 INFO     ___FILE_ONLY___ ═
2025-12-09 14:34:58,427 INFO     ___FILE_ONLY___ ═
2025-12-09 14:34:58,427 INFO     ___FILE_ONLY___ ═
2025-12-09 14:34:58,427 INFO     ___FILE_ONLY___ ═
2025-12-09 14:34:58,427 INFO     ___FILE_ONLY___ ═
2025-12-09 14:34:58,427 INFO     ___FILE_ONLY___ ═
2025-12-09 14:34:58,427 INFO     ___FILE_ONLY___ ═
2025-12-09 14:34:58,428 INFO     ___FILE_ONLY___ ═
2025-12-09 14:34:58,428 INFO     ___FILE_ONLY___ ═
2025-12-09 14:34:58,428 INFO     ___FILE_ONLY___ ═
2025-12-09 14:34:58,428 INFO     ___FILE_ONLY___ ═
2025-12-09 14:34:58,428 INFO     ___FILE_ONLY___ ╝

2025-12-09 14:34:58,430 INFO     ___FILE_ONLY___ ╔════════════════════════════════════════════════════════════╗

2025-12-09 14:34:58,430 INFO     ___FILE_ONLY___ ╠═ Downloading: BigQuery Command Line Tool (Platform Spe... ═╣

2025-12-09 14:34:58,430 INFO     ___FILE_ONLY___ ╚
2025-12-09 14:34:58,433 DEBUG    urllib3.connectionpool Starting new HTTPS connection (1): dl.google.com:443
2025-12-09 14:34:59,415 DEBUG    urllib3.connectionpool https://dl.google.com:443 "GET /dl/cloudsdk/channels/rapid/components/google-cloud-sdk-bq-nix-20251031202127.tar.gz HTTP/1.1" 200 1932
2025-12-09 14:34:59,416 INFO     ___FILE_ONLY___ ════════════════════════════════════════════════════════════
2025-12-09 14:34:59,416 INFO     ___FILE_ONLY___ ╝

2025-12-09 14:34:59,418 INFO     ___FILE_ONLY___ ╔════════════════════════════════════════════════════════════╗

2025-12-09 14:34:59,418 INFO     ___FILE_ONLY___ ╠═ Downloading: Bundled Python 3.13                         ═╣

2025-12-09 14:34:59,418 INFO     ___FILE_ONLY___ ╚
2025-12-09 14:34:59,418 INFO     ___FILE_ONLY___ ════════════════════════════════════════════════════════════
2025-12-09 14:34:59,419 INFO     ___FILE_ONLY___ ╝

2025-12-09 14:34:59,420 INFO     ___FILE_ONLY___ ╔════════════════════════════════════════════════════════════╗

2025-12-09 14:34:59,420 INFO     ___FILE_ONLY___ ╠═ Downloading: Bundled Python 3.13 (Platform Specific)     ═╣

2025-12-09 14:34:59,420 INFO     ___FILE_ONLY___ ╚
2025-12-09 14:34:59,423 DEBUG    urllib3.connectionpool Starting new HTTPS connection (1): dl.google.com:443
2025-12-09 14:35:00,394 DEBUG    urllib3.connectionpool https://dl.google.com:443 "GET /dl/cloudsdk/channels/rapid/components/google-cloud-sdk-bundled-python3-unix-linux-x86_64-20251205141901.tar.gz HTTP/1.1" 200 145280047
2025-12-09 14:35:01,145 INFO     ___FILE_ONLY___ ═
2025-12-09 14:35:01,148 INFO     ___FILE_ONLY___ ═
2025-12-09 14:35:01,151 INFO     ___FILE_ONLY___ ═
2025-12-09 14:35:01,153 INFO     ___FILE_ONLY___ ═
2025-12-09 14:35:01,156 INFO     ___FILE_ONLY___ ═
2025-12-09 14:35:01,159 INFO     ___FILE_ONLY___ ═
2025-12-09 14:35:01,161 INFO     ___FILE_ONLY___ ═
2025-12-09 14:35:01,164 INFO     ___FILE_ONLY___ ═
2025-12-09 14:35:01,167 INFO     ___FILE_ONLY___ ═
2025-12-09 14:35:01,171 INFO     ___FILE_ONLY___ ═
2025-12-09 14:35:01,174 INFO     ___FILE_ONLY___ ═
2025-12-09 14:35:01,177 INFO     ___FILE_ONLY___ ═
2025-12-09 14:35:01,180 INFO     ___FILE_ONLY___ ═
2025-12-09 14:35:01,182 INFO     ___FILE_ONLY___ ═
2025-12-09 14:35:01,185 INFO     ___FILE_ONLY___ ═
2025-12-09 14:35:01,187 INFO     ___FILE_ONLY___ ═
2025-12-09 14:35:01,190 INFO     ___FILE_ONLY___ ═
2025-12-09 14:35:01,192 INFO     ___FILE_ONLY___ ═
2025-12-09 14:35:01,195 INFO     ___FILE_ONLY___ ═
2025-12-09 14:35:01,197 INFO     ___FILE_ONLY___ ═
2025-12-09 14:35:01,200 INFO     ___FILE_ONLY___ ═
2025-12-09 14:35:01,202 INFO     ___FILE_ONLY___ ═
2025-12-09 14:35:01,205 INFO     ___FILE_ONLY___ ═
2025-12-09 14:35:01,207 INFO     ___FILE_ONLY___ ═
2025-12-09 14:35:01,210 INFO     ___FILE_ONLY___ ═
2025-12-09 14:35:01,212 INFO     ___FILE_ONLY___ ═
2025-12-09 14:35:01,215 INFO     ___FILE_ONLY___ ═
2025-12-09 14:35:01,217 INFO     ___FILE_ONLY___ ═
2025-12-09 14:35:01,220 INFO     ___FILE_ONLY___ ═
2025-12-09 14:35:01,222 INFO     ___FILE_ONLY___ ═
2025-12-09 14:35:01,225 INFO     ___FILE_ONLY___ ═
2025-12-09 14:35:01,227 INFO     ___FILE_ONLY___ ═
2025-12-09 14:35:01,230 INFO     ___FILE_ONLY___ ═
2025-12-09 14:35:01,232 INFO     ___FILE_ONLY___ ═
2025-12-09 14:35:01,235 INFO     ___FILE_ONLY___ ═
2025-12-09 14:35:01,237 INFO     ___FILE_ONLY___ ═
2025-12-09 14:35:01,239 INFO     ___FILE_ONLY___ ═
2025-12-09 14:35:01,242 INFO     ___FILE_ONLY___ ═
2025-12-09 14:35:01,244 INFO     ___FILE_ONLY___ ═
2025-12-09 14:35:01,247 INFO     ___FILE_ONLY___ ═
2025-12-09 14:35:01,249 INFO     ___FILE_ONLY___ ═
2025-12-09 14:35:01,252 INFO     ___FILE_ONLY___ ═
2025-12-09 14:35:01,254 INFO     ___FILE_ONLY___ ═
2025-12-09 14:35:01,256 INFO     ___FILE_ONLY___ ═
2025-12-09 14:35:01,259 INFO     ___FILE_ONLY___ ═
2025-12-09 14:35:01,262 INFO     ___FILE_ONLY___ ═
2025-12-09 14:35:01,264 INFO     ___FILE_ONLY___ ═
2025-12-09 14:35:01,267 INFO     ___FILE_ONLY___ ═
2025-12-09 14:35:01,269 INFO     ___FILE_ONLY___ ═
2025-12-09 14:35:01,271 INFO     ___FILE_ONLY___ ═
2025-12-09 14:35:01,274 INFO     ___FILE_ONLY___ ═
2025-12-09 14:35:01,276 INFO     ___FILE_ONLY___ ═
2025-12-09 14:35:01,279 INFO     ___FILE_ONLY___ ═
2025-12-09 14:35:01,281 INFO     ___FILE_ONLY___ ═
2025-12-09 14:35:01,284 INFO     ___FILE_ONLY___ ═
2025-12-09 14:35:01,286 INFO     ___FILE_ONLY___ ═
2025-12-09 14:35:01,289 INFO     ___FILE_ONLY___ ═
2025-12-09 14:35:01,291 INFO     ___FILE_ONLY___ ═
2025-12-09 14:35:01,294 INFO     ___FILE_ONLY___ ═
2025-12-09 14:35:01,296 INFO     ___FILE_ONLY___ ═
2025-12-09 14:35:01,296 INFO     ___FILE_ONLY___ ╝

2025-12-09 14:35:01,299 INFO     ___FILE_ONLY___ ╔════════════════════════════════════════════════════════════╗

2025-12-09 14:35:01,299 INFO     ___FILE_ONLY___ ╠═ Downloading: Cloud Storage Command Line Tool             ═╣

2025-12-09 14:35:01,299 INFO     ___FILE_ONLY___ ╚
2025-12-09 14:35:01,301 DEBUG    urllib3.connectionpool Starting new HTTPS connection (1): dl.google.com:443
2025-12-09 14:35:02,537 DEBUG    urllib3.connectionpool https://dl.google.com:443 "GET /dl/cloudsdk/channels/rapid/components/google-cloud-sdk-gsutil-20250627154417.tar.gz HTTP/1.1" 200 12962791
2025-12-09 14:35:02,594 INFO     ___FILE_ONLY___ ═
2025-12-09 14:35:02,594 INFO     ___FILE_ONLY___ ═
2025-12-09 14:35:02,594 INFO     ___FILE_ONLY___ ═
2025-12-09 14:35:02,595 INFO     ___FILE_ONLY___ ═
2025-12-09 14:35:02,595 INFO     ___FILE_ONLY___ ═
2025-12-09 14:35:02,595 INFO     ___FILE_ONLY___ ═
2025-12-09 14:35:02,596 INFO     ___FILE_ONLY___ ═
2025-12-09 14:35:02,596 INFO     ___FILE_ONLY___ ═
2025-12-09 14:35:02,596 INFO     ___FILE_ONLY___ ═
2025-12-09 14:35:02,596 INFO     ___FILE_ONLY___ ═
2025-12-09 14:35:02,597 INFO     ___FILE_ONLY___ ═
2025-12-09 14:35:02,597 INFO     ___FILE_ONLY___ ═
2025-12-09 14:35:02,597 INFO     ___FILE_ONLY___ ═
2025-12-09 14:35:02,597 INFO     ___FILE_ONLY___ ═
2025-12-09 14:35:02,598 INFO     ___FILE_ONLY___ ═
2025-12-09 14:35:02,598 INFO     ___FILE_ONLY___ ═
2025-12-09 14:35:02,598 INFO     ___FILE_ONLY___ ═
2025-12-09 14:35:02,599 INFO     ___FILE_ONLY___ ═
2025-12-09 14:35:02,599 INFO     ___FILE_ONLY___ ═
2025-12-09 14:35:02,599 INFO     ___FILE_ONLY___ ═
2025-12-09 14:35:02,600 INFO     ___FILE_ONLY___ ═
2025-12-09 14:35:02,600 INFO     ___FILE_ONLY___ ═
2025-12-09 14:35:02,600 INFO     ___FILE_ONLY___ ═
2025-12-09 14:35:02,600 INFO     ___FILE_ONLY___ ═
2025-12-09 14:35:02,601 INFO     ___FILE_ONLY___ ═
2025-12-09 14:35:02,601 INFO     ___FILE_ONLY___ ═
2025-12-09 14:35:02,601 INFO     ___FILE_ONLY___ ═
2025-12-09 14:35:02,601 INFO     ___FILE_ONLY___ ═
2025-12-09 14:35:02,602 INFO     ___FILE_ONLY___ ═
2025-12-09 14:35:02,602 INFO     ___FILE_ONLY___ ═
2025-12-09 14:35:02,602 INFO     ___FILE_ONLY___ ═
2025-12-09 14:35:02,603 INFO     ___FILE_ONLY___ ═
2025-12-09 14:35:02,603 INFO     ___FILE_ONLY___ ═
2025-12-09 14:35:02,603 INFO     ___FILE_ONLY___ ═
2025-12-09 14:35:02,603 INFO     ___FILE_ONLY___ ═
2025-12-09 14:35:02,604 INFO     ___FILE_ONLY___ ═
2025-12-09 14:35:02,604 INFO     ___FILE_ONLY___ ═
2025-12-09 14:35:02,605 INFO     ___FILE_ONLY___ ═
2025-12-09 14:35:02,605 INFO     ___FILE_ONLY___ ═
2025-12-09 14:35:02,605 INFO     ___FILE_ONLY___ ═
2025-12-09 14:35:02,606 INFO     ___FILE_ONLY___ ═
2025-12-09 14:35:02,606 INFO     ___FILE_ONLY___ ═
2025-12-09 14:35:02,607 INFO     ___FILE_ONLY___ ═
2025-12-09 14:35:02,607 INFO     ___FILE_ONLY___ ═
2025-12-09 14:35:02,607 INFO     ___FILE_ONLY___ ═
2025-12-09 14:35:02,608 INFO     ___FILE_ONLY___ ═
2025-12-09 14:35:02,608 INFO     ___FILE_ONLY___ ═
2025-12-09 14:35:02,608 INFO     ___FILE_ONLY___ ═
2025-12-09 14:35:02,609 INFO     ___FILE_ONLY___ ═
2025-12-09 14:35:02,609 INFO     ___FILE_ONLY___ ═
2025-12-09 14:35:02,609 INFO     ___FILE_ONLY___ ═
2025-12-09 14:35:02,610 INFO     ___FILE_ONLY___ ═
2025-12-09 14:35:02,610 INFO     ___FILE_ONLY___ ═
2025-12-09 14:35:02,611 INFO     ___FILE_ONLY___ ═
2025-12-09 14:35:02,611 INFO     ___FILE_ONLY___ ═
2025-12-09 14:35:02,611 INFO     ___FILE_ONLY___ ═
2025-12-09 14:35:02,612 INFO     ___FILE_ONLY___ ═
2025-12-09 14:35:02,612 INFO     ___FILE_ONLY___ ═
2025-12-09 14:35:02,612 INFO     ___FILE_ONLY___ ═
2025-12-09 14:35:02,613 INFO     ___FILE_ONLY___ ═
2025-12-09 14:35:02,613 INFO     ___FILE_ONLY___ ╝

2025-12-09 14:35:02,615 INFO     ___FILE_ONLY___ ╔════════════════════════════════════════════════════════════╗

2025-12-09 14:35:02,615 INFO     ___FILE_ONLY___ ╠═ Downloading: Cloud Storage Command Line Tool (Platfor... ═╣

2025-12-09 14:35:02,615 INFO     ___FILE_ONLY___ ╚
2025-12-09 14:35:02,618 DEBUG    urllib3.connectionpool Starting new HTTPS connection (1): dl.google.com:443
2025-12-09 14:35:03,561 DEBUG    urllib3.connectionpool https://dl.google.com:443 "GET /dl/cloudsdk/channels/rapid/components/google-cloud-sdk-gsutil-nix-20251031202127.tar.gz HTTP/1.1" 200 1949
2025-12-09 14:35:03,561 INFO     ___FILE_ONLY___ ════════════════════════════════════════════════════════════
2025-12-09 14:35:03,561 INFO     ___FILE_ONLY___ ╝

2025-12-09 14:35:03,563 INFO     ___FILE_ONLY___ ╔════════════════════════════════════════════════════════════╗

2025-12-09 14:35:03,563 INFO     ___FILE_ONLY___ ╠═ Downloading: Default set of gcloud commands              ═╣

2025-12-09 14:35:03,563 INFO     ___FILE_ONLY___ ╚
2025-12-09 14:35:03,563 INFO     ___FILE_ONLY___ ════════════════════════════════════════════════════════════
2025-12-09 14:35:03,563 INFO     ___FILE_ONLY___ ╝

2025-12-09 14:35:03,565 INFO     ___FILE_ONLY___ ╔════════════════════════════════════════════════════════════╗

2025-12-09 14:35:03,565 INFO     ___FILE_ONLY___ ╠═ Downloading: Google Cloud CLI Core Libraries (Platfor... ═╣

2025-12-09 14:35:03,565 INFO     ___FILE_ONLY___ ╚
2025-12-09 14:35:03,568 DEBUG    urllib3.connectionpool Starting new HTTPS connection (1): dl.google.com:443
2025-12-09 14:35:04,519 DEBUG    urllib3.connectionpool https://dl.google.com:443 "GET /dl/cloudsdk/channels/rapid/components/google-cloud-sdk-core-nix-20251031202127.tar.gz HTTP/1.1" 200 2326
2025-12-09 14:35:04,520 INFO     ___FILE_ONLY___ ════════════════════════════════════════════════════════════
2025-12-09 14:35:04,520 INFO     ___FILE_ONLY___ ╝

2025-12-09 14:35:04,522 INFO     ___FILE_ONLY___ ╔════════════════════════════════════════════════════════════╗

2025-12-09 14:35:04,522 INFO     ___FILE_ONLY___ ╠═ Downloading: Google Cloud CRC32C Hash Tool               ═╣

2025-12-09 14:35:04,522 INFO     ___FILE_ONLY___ ╚
2025-12-09 14:35:04,522 INFO     ___FILE_ONLY___ ════════════════════════════════════════════════════════════
2025-12-09 14:35:04,522 INFO     ___FILE_ONLY___ ╝

2025-12-09 14:35:04,524 INFO     ___FILE_ONLY___ ╔════════════════════════════════════════════════════════════╗

2025-12-09 14:35:04,524 INFO     ___FILE_ONLY___ ╠═ Downloading: Google Cloud CRC32C Hash Tool (Platform ... ═╣

2025-12-09 14:35:04,524 INFO     ___FILE_ONLY___ ╚
2025-12-09 14:35:04,526 DEBUG    urllib3.connectionpool Starting new HTTPS connection (1): dl.google.com:443
2025-12-09 14:35:05,521 DEBUG    urllib3.connectionpool https://dl.google.com:443 "GET /dl/cloudsdk/channels/rapid/components/google-cloud-sdk-gcloud-crc32c-linux-x86_64-20251031202127.tar.gz HTTP/1.1" 200 1531280
2025-12-09 14:35:05,532 INFO     ___FILE_ONLY___ ═
2025-12-09 14:35:05,532 INFO     ___FILE_ONLY___ ═
2025-12-09 14:35:05,532 INFO     ___FILE_ONLY___ ═
2025-12-09 14:35:05,532 INFO     ___FILE_ONLY___ ═
2025-12-09 14:35:05,532 INFO     ___FILE_ONLY___ ═
2025-12-09 14:35:05,532 INFO     ___FILE_ONLY___ ═
2025-12-09 14:35:05,533 INFO     ___FILE_ONLY___ ═
2025-12-09 14:35:05,533 INFO     ___FILE_ONLY___ ═
2025-12-09 14:35:05,533 INFO     ___FILE_ONLY___ ═
2025-12-09 14:35:05,533 INFO     ___FILE_ONLY___ ═
2025-12-09 14:35:05,533 INFO     ___FILE_ONLY___ ═
2025-12-09 14:35:05,533 INFO     ___FILE_ONLY___ ═
2025-12-09 14:35:05,533 INFO     ___FILE_ONLY___ ═
2025-12-09 14:35:05,533 INFO     ___FILE_ONLY___ ═
2025-12-09 14:35:05,533 INFO     ___FILE_ONLY___ ═
2025-12-09 14:35:05,533 INFO     ___FILE_ONLY___ ═
2025-12-09 14:35:05,533 INFO     ___FILE_ONLY___ ═
2025-12-09 14:35:05,534 INFO     ___FILE_ONLY___ ═
2025-12-09 14:35:05,534 INFO     ___FILE_ONLY___ ═
2025-12-09 14:35:05,534 INFO     ___FILE_ONLY___ ═
2025-12-09 14:35:05,534 INFO     ___FILE_ONLY___ ═
2025-12-09 14:35:05,534 INFO     ___FILE_ONLY___ ═
2025-12-09 14:35:05,534 INFO     ___FILE_ONLY___ ═
2025-12-09 14:35:05,534 INFO     ___FILE_ONLY___ ═
2025-12-09 14:35:05,534 INFO     ___FILE_ONLY___ ═
2025-12-09 14:35:05,534 INFO     ___FILE_ONLY___ ═
2025-12-09 14:35:05,534 INFO     ___FILE_ONLY___ ═
2025-12-09 14:35:05,534 INFO     ___FILE_ONLY___ ═
2025-12-09 14:35:05,535 INFO     ___FILE_ONLY___ ═
2025-12-09 14:35:05,535 INFO     ___FILE_ONLY___ ═
2025-12-09 14:35:05,535 INFO     ___FILE_ONLY___ ═
2025-12-09 14:35:05,535 INFO     ___FILE_ONLY___ ═
2025-12-09 14:35:05,535 INFO     ___FILE_ONLY___ ═
2025-12-09 14:35:05,535 INFO     ___FILE_ONLY___ ═
2025-12-09 14:35:05,535 INFO     ___FILE_ONLY___ ═
2025-12-09 14:35:05,535 INFO     ___FILE_ONLY___ ═
2025-12-09 14:35:05,536 INFO     ___FILE_ONLY___ ═
2025-12-09 14:35:05,536 INFO     ___FILE_ONLY___ ═
2025-12-09 14:35:05,536 INFO     ___FILE_ONLY___ ═
2025-12-09 14:35:05,536 INFO     ___FILE_ONLY___ ═
2025-12-09 14:35:05,536 INFO     ___FILE_ONLY___ ═
2025-12-09 14:35:05,536 INFO     ___FILE_ONLY___ ═
2025-12-09 14:35:05,536 INFO     ___FILE_ONLY___ ═
2025-12-09 14:35:05,537 INFO     ___FILE_ONLY___ ═
2025-12-09 14:35:05,537 INFO     ___FILE_ONLY___ ═
2025-12-09 14:35:05,537 INFO     ___FILE_ONLY___ ═
2025-12-09 14:35:05,537 INFO     ___FILE_ONLY___ ═
2025-12-09 14:35:05,537 INFO     ___FILE_ONLY___ ═
2025-12-09 14:35:05,537 INFO     ___FILE_ONLY___ ═
2025-12-09 14:35:05,537 INFO     ___FILE_ONLY___ ═
2025-12-09 14:35:05,537 INFO     ___FILE_ONLY___ ═
2025-12-09 14:35:05,537 INFO     ___FILE_ONLY___ ═
2025-12-09 14:35:05,538 INFO     ___FILE_ONLY___ ═
2025-12-09 14:35:05,538 INFO     ___FILE_ONLY___ ═
2025-12-09 14:35:05,538 INFO     ___FILE_ONLY___ ═
2025-12-09 14:35:05,538 INFO     ___FILE_ONLY___ ═
2025-12-09 14:35:05,538 INFO     ___FILE_ONLY___ ═
2025-12-09 14:35:05,538 INFO     ___FILE_ONLY___ ═
2025-12-09 14:35:05,538 INFO     ___FILE_ONLY___ ═
2025-12-09 14:35:05,538 INFO     ___FILE_ONLY___ ═
2025-12-09 14:35:05,539 INFO     ___FILE_ONLY___ ╝

2025-12-09 14:35:05,540 INFO     ___FILE_ONLY___ ╔════════════════════════════════════════════════════════════╗

2025-12-09 14:35:05,540 INFO     ___FILE_ONLY___ ╠═ Downloading: gcloud cli dependencies (Platform Specific) ═╣

2025-12-09 14:35:05,540 INFO     ___FILE_ONLY___ ╚
2025-12-09 14:35:05,543 DEBUG    urllib3.connectionpool Starting new HTTPS connection (1): dl.google.com:443
2025-12-09 14:35:06,518 DEBUG    urllib3.connectionpool https://dl.google.com:443 "GET /dl/cloudsdk/channels/rapid/components/google-cloud-sdk-gcloud-deps-linux-x86_64-20210416153011.tar.gz HTTP/1.1" 200 104
2025-12-09 14:35:06,519 INFO     ___FILE_ONLY___ ════════════════════════════════════════════════════════════
2025-12-09 14:35:06,519 INFO     ___FILE_ONLY___ ╝

2025-12-09 14:35:06,521 INFO     ___FILE_ONLY___ ╔════════════════════════════════════════════════════════════╗

2025-12-09 14:35:06,521 INFO     ___FILE_ONLY___ ╠═ Installing: BigQuery Command Line Tool                   ═╣

2025-12-09 14:35:06,521 INFO     ___FILE_ONLY___ ╚
2025-12-09 14:35:06,622 INFO     ___FILE_ONLY___ ═
2025-12-09 14:35:06,624 INFO     ___FILE_ONLY___ ═
2025-12-09 14:35:06,627 INFO     ___FILE_ONLY___ ═
2025-12-09 14:35:06,629 INFO     ___FILE_ONLY___ ═
2025-12-09 14:35:06,632 INFO     ___FILE_ONLY___ ═
2025-12-09 14:35:06,635 INFO     ___FILE_ONLY___ ═
2025-12-09 14:35:06,637 INFO     ___FILE_ONLY___ ═
2025-12-09 14:35:06,639 INFO     ___FILE_ONLY___ ═
2025-12-09 14:35:06,641 INFO     ___FILE_ONLY___ ═
2025-12-09 14:35:06,644 INFO     ___FILE_ONLY___ ═
2025-12-09 14:35:06,646 INFO     ___FILE_ONLY___ ═
2025-12-09 14:35:06,649 INFO     ___FILE_ONLY___ ═
2025-12-09 14:35:06,651 INFO     ___FILE_ONLY___ ═
2025-12-09 14:35:06,653 INFO     ___FILE_ONLY___ ═
2025-12-09 14:35:06,656 INFO     ___FILE_ONLY___ ═
2025-12-09 14:35:06,658 INFO     ___FILE_ONLY___ ═
2025-12-09 14:35:06,660 INFO     ___FILE_ONLY___ ═
2025-12-09 14:35:06,664 INFO     ___FILE_ONLY___ ═
2025-12-09 14:35:06,666 INFO     ___FILE_ONLY___ ═
2025-12-09 14:35:06,669 INFO     ___FILE_ONLY___ ═
2025-12-09 14:35:06,671 INFO     ___FILE_ONLY___ ═
2025-12-09 14:35:06,673 INFO     ___FILE_ONLY___ ═
2025-12-09 14:35:06,675 INFO     ___FILE_ONLY___ ═
2025-12-09 14:35:06,677 INFO     ___FILE_ONLY___ ═
2025-12-09 14:35:06,679 INFO     ___FILE_ONLY___ ═
2025-12-09 14:35:06,681 INFO     ___FILE_ONLY___ ═
2025-12-09 14:35:06,683 INFO     ___FILE_ONLY___ ═
2025-12-09 14:35:06,685 INFO     ___FILE_ONLY___ ═
2025-12-09 14:35:06,687 INFO     ___FILE_ONLY___ ═
2025-12-09 14:35:06,689 INFO     ___FILE_ONLY___ ═
2025-12-09 14:35:06,690 INFO     ___FILE_ONLY___ ═
2025-12-09 14:35:06,692 INFO     ___FILE_ONLY___ ═
2025-12-09 14:35:06,694 INFO     ___FILE_ONLY___ ═
2025-12-09 14:35:06,697 INFO     ___FILE_ONLY___ ═
2025-12-09 14:35:06,699 INFO     ___FILE_ONLY___ ═
2025-12-09 14:35:06,701 INFO     ___FILE_ONLY___ ═
2025-12-09 14:35:06,703 INFO     ___FILE_ONLY___ ═
2025-12-09 14:35:06,706 INFO     ___FILE_ONLY___ ═
2025-12-09 14:35:06,717 INFO     ___FILE_ONLY___ ═
2025-12-09 14:35:06,721 INFO     ___FILE_ONLY___ ═
2025-12-09 14:35:06,723 INFO     ___FILE_ONLY___ ═
2025-12-09 14:35:06,725 INFO     ___FILE_ONLY___ ═
2025-12-09 14:35:06,728 INFO     ___FILE_ONLY___ ═
2025-12-09 14:35:06,730 INFO     ___FILE_ONLY___ ═
2025-12-09 14:35:06,733 INFO     ___FILE_ONLY___ ═
2025-12-09 14:35:06,737 INFO     ___FILE_ONLY___ ═
2025-12-09 14:35:06,739 INFO     ___FILE_ONLY___ ═
2025-12-09 14:35:06,742 INFO     ___FILE_ONLY___ ═
2025-12-09 14:35:06,744 INFO     ___FILE_ONLY___ ═
2025-12-09 14:35:06,746 INFO     ___FILE_ONLY___ ═
2025-12-09 14:35:06,748 INFO     ___FILE_ONLY___ ═
2025-12-09 14:35:06,750 INFO     ___FILE_ONLY___ ═
2025-12-09 14:35:06,753 INFO     ___FILE_ONLY___ ═
2025-12-09 14:35:06,755 INFO     ___FILE_ONLY___ ═
2025-12-09 14:35:06,757 INFO     ___FILE_ONLY___ ═
2025-12-09 14:35:06,759 INFO     ___FILE_ONLY___ ═
2025-12-09 14:35:06,761 INFO     ___FILE_ONLY___ ═
2025-12-09 14:35:06,764 INFO     ___FILE_ONLY___ ═
2025-12-09 14:35:06,765 INFO     ___FILE_ONLY___ ═
2025-12-09 14:35:06,768 INFO     ___FILE_ONLY___ ═
2025-12-09 14:35:06,768 INFO     ___FILE_ONLY___ ╝

2025-12-09 14:35:06,776 INFO     ___FILE_ONLY___ ╔════════════════════════════════════════════════════════════╗

2025-12-09 14:35:06,776 INFO     ___FILE_ONLY___ ╠═ Installing: BigQuery Command Line Tool (Platform Spec... ═╣

2025-12-09 14:35:06,776 INFO     ___FILE_ONLY___ ╚
2025-12-09 14:35:06,777 INFO     ___FILE_ONLY___ ════════════════════════════════════════════════════════════
2025-12-09 14:35:06,777 INFO     ___FILE_ONLY___ ╝

2025-12-09 14:35:06,781 INFO     ___FILE_ONLY___ ╔════════════════════════════════════════════════════════════╗

2025-12-09 14:35:06,781 INFO     ___FILE_ONLY___ ╠═ Installing: Bundled Python 3.13                          ═╣

2025-12-09 14:35:06,781 INFO     ___FILE_ONLY___ ╚
2025-12-09 14:35:06,785 INFO     ___FILE_ONLY___ ════════════════════════════════════════════════════════════
2025-12-09 14:35:06,785 INFO     ___FILE_ONLY___ ╝

2025-12-09 14:35:06,787 INFO     ___FILE_ONLY___ ╔════════════════════════════════════════════════════════════╗

2025-12-09 14:35:06,787 INFO     ___FILE_ONLY___ ╠═ Installing: Bundled Python 3.13 (Platform Specific)      ═╣

2025-12-09 14:35:06,787 INFO     ___FILE_ONLY___ ╚
2025-12-09 14:35:09,872 INFO     ___FILE_ONLY___ ═
2025-12-09 14:35:09,886 INFO     ___FILE_ONLY___ ═
2025-12-09 14:35:09,900 INFO     ___FILE_ONLY___ ═
2025-12-09 14:35:12,232 INFO     ___FILE_ONLY___ ═
2025-12-09 14:35:12,255 INFO     ___FILE_ONLY___ ═
2025-12-09 14:35:12,282 INFO     ___FILE_ONLY___ ═
2025-12-09 14:35:12,300 INFO     ___FILE_ONLY___ ═
2025-12-09 14:35:12,330 INFO     ___FILE_ONLY___ ═
2025-12-09 14:35:12,345 INFO     ___FILE_ONLY___ ═
2025-12-09 14:35:12,439 INFO     ___FILE_ONLY___ ═
2025-12-09 14:35:12,456 INFO     ___FILE_ONLY___ ═
2025-12-09 14:35:12,472 INFO     ___FILE_ONLY___ ═
2025-12-09 14:35:12,501 INFO     ___FILE_ONLY___ ═
2025-12-09 14:35:12,516 INFO     ___FILE_ONLY___ ═
2025-12-09 14:35:12,532 INFO     ___FILE_ONLY___ ═
2025-12-09 14:35:12,544 INFO     ___FILE_ONLY___ ═
2025-12-09 14:35:12,559 INFO     ___FILE_ONLY___ ═
2025-12-09 14:35:12,575 INFO     ___FILE_ONLY___ ═
2025-12-09 14:35:12,589 INFO     ___FILE_ONLY___ ═
2025-12-09 14:35:12,605 INFO     ___FILE_ONLY___ ═
2025-12-09 14:35:12,621 INFO     ___FILE_ONLY___ ═
2025-12-09 14:35:12,637 INFO     ___FILE_ONLY___ ═
2025-12-09 14:35:12,653 INFO     ___FILE_ONLY___ ═
2025-12-09 14:35:12,671 INFO     ___FILE_ONLY___ ═
2025-12-09 14:35:13,281 INFO     ___FILE_ONLY___ ═
2025-12-09 14:35:13,302 INFO     ___FILE_ONLY___ ═
2025-12-09 14:35:13,327 INFO     ___FILE_ONLY___ ═
2025-12-09 14:35:13,341 INFO     ___FILE_ONLY___ ═
2025-12-09 14:35:13,352 INFO     ___FILE_ONLY___ ═
2025-12-09 14:35:13,363 INFO     ___FILE_ONLY___ ═
2025-12-09 14:35:13,375 INFO     ___FILE_ONLY___ ═
2025-12-09 14:35:13,386 INFO     ___FILE_ONLY___ ═
2025-12-09 14:35:13,398 INFO     ___FILE_ONLY___ ═
2025-12-09 14:35:13,409 INFO     ___FILE_ONLY___ ═
2025-12-09 14:35:13,421 INFO     ___FILE_ONLY___ ═
2025-12-09 14:35:13,432 INFO     ___FILE_ONLY___ ═
2025-12-09 14:35:13,444 INFO     ___FILE_ONLY___ ═
2025-12-09 14:35:13,456 INFO     ___FILE_ONLY___ ═
2025-12-09 14:35:13,467 INFO     ___FILE_ONLY___ ═
2025-12-09 14:35:13,479 INFO     ___FILE_ONLY___ ═
2025-12-09 14:35:13,490 INFO     ___FILE_ONLY___ ═
2025-12-09 14:35:13,502 INFO     ___FILE_ONLY___ ═
2025-12-09 14:35:13,514 INFO     ___FILE_ONLY___ ═
2025-12-09 14:35:13,525 INFO     ___FILE_ONLY___ ═
2025-12-09 14:35:13,536 INFO     ___FILE_ONLY___ ═
2025-12-09 14:35:13,548 INFO     ___FILE_ONLY___ ═
2025-12-09 14:35:13,560 INFO     ___FILE_ONLY___ ═
2025-12-09 14:35:13,571 INFO     ___FILE_ONLY___ ═
2025-12-09 14:35:13,583 INFO     ___FILE_ONLY___ ═
2025-12-09 14:35:13,594 INFO     ___FILE_ONLY___ ═
2025-12-09 14:35:13,605 INFO     ___FILE_ONLY___ ═
2025-12-09 14:35:13,617 INFO     ___FILE_ONLY___ ═
2025-12-09 14:35:13,629 INFO     ___FILE_ONLY___ ═
2025-12-09 14:35:13,641 INFO     ___FILE_ONLY___ ═
2025-12-09 14:35:13,652 INFO     ___FILE_ONLY___ ═
2025-12-09 14:35:13,664 INFO     ___FILE_ONLY___ ═
2025-12-09 14:35:13,676 INFO     ___FILE_ONLY___ ═
2025-12-09 14:35:13,687 INFO     ___FILE_ONLY___ ═
2025-12-09 14:35:13,699 INFO     ___FILE_ONLY___ ═
2025-12-09 14:35:13,710 INFO     ___FILE_ONLY___ ═
2025-12-09 14:35:13,710 INFO     ___FILE_ONLY___ ╝

2025-12-09 14:35:13,773 INFO     ___FILE_ONLY___ ╔════════════════════════════════════════════════════════════╗

2025-12-09 14:35:13,773 INFO     ___FILE_ONLY___ ╠═ Installing: Cloud Storage Command Line Tool              ═╣

2025-12-09 14:35:13,773 INFO     ___FILE_ONLY___ ╚
2025-12-09 14:35:14,326 INFO     ___FILE_ONLY___ ═
2025-12-09 14:35:14,339 INFO     ___FILE_ONLY___ ═
2025-12-09 14:35:14,351 INFO     ___FILE_ONLY___ ═
2025-12-09 14:35:14,362 INFO     ___FILE_ONLY___ ═
2025-12-09 14:35:14,372 INFO     ___FILE_ONLY___ ═
2025-12-09 14:35:14,408 INFO     ___FILE_ONLY___ ═
2025-12-09 14:35:14,422 INFO     ___FILE_ONLY___ ═
2025-12-09 14:35:14,438 INFO     ___FILE_ONLY___ ═
2025-12-09 14:35:14,454 INFO     ___FILE_ONLY___ ═
2025-12-09 14:35:14,470 INFO     ___FILE_ONLY___ ═
2025-12-09 14:35:14,488 INFO     ___FILE_ONLY___ ═
2025-12-09 14:35:14,500 INFO     ___FILE_ONLY___ ═
2025-12-09 14:35:14,512 INFO     ___FILE_ONLY___ ═
2025-12-09 14:35:14,522 INFO     ___FILE_ONLY___ ═
2025-12-09 14:35:14,532 INFO     ___FILE_ONLY___ ═
2025-12-09 14:35:14,549 INFO     ___FILE_ONLY___ ═
2025-12-09 14:35:14,564 INFO     ___FILE_ONLY___ ═
2025-12-09 14:35:14,573 INFO     ___FILE_ONLY___ ═
2025-12-09 14:35:14,586 INFO     ___FILE_ONLY___ ═
2025-12-09 14:35:14,597 INFO     ___FILE_ONLY___ ═
2025-12-09 14:35:14,608 INFO     ___FILE_ONLY___ ═
2025-12-09 14:35:14,621 INFO     ___FILE_ONLY___ ═
2025-12-09 14:35:14,632 INFO     ___FILE_ONLY___ ═
2025-12-09 14:35:14,643 INFO     ___FILE_ONLY___ ═
2025-12-09 14:35:14,654 INFO     ___FILE_ONLY___ ═
2025-12-09 14:35:14,664 INFO     ___FILE_ONLY___ ═
2025-12-09 14:35:14,676 INFO     ___FILE_ONLY___ ═
2025-12-09 14:35:14,690 INFO     ___FILE_ONLY___ ═
2025-12-09 14:35:14,707 INFO     ___FILE_ONLY___ ═
2025-12-09 14:35:14,720 INFO     ___FILE_ONLY___ ═
2025-12-09 14:35:14,733 INFO     ___FILE_ONLY___ ═
2025-12-09 14:35:14,755 INFO     ___FILE_ONLY___ ═
2025-12-09 14:35:14,771 INFO     ___FILE_ONLY___ ═
2025-12-09 14:35:14,791 INFO     ___FILE_ONLY___ ═
2025-12-09 14:35:14,806 INFO     ___FILE_ONLY___ ═
2025-12-09 14:35:14,823 INFO     ___FILE_ONLY___ ═
2025-12-09 14:35:14,834 INFO     ___FILE_ONLY___ ═
2025-12-09 14:35:14,845 INFO     ___FILE_ONLY___ ═
2025-12-09 14:35:14,883 INFO     ___FILE_ONLY___ ═
2025-12-09 14:35:14,897 INFO     ___FILE_ONLY___ ═
2025-12-09 14:35:14,909 INFO     ___FILE_ONLY___ ═
2025-12-09 14:35:14,920 INFO     ___FILE_ONLY___ ═
2025-12-09 14:35:14,931 INFO     ___FILE_ONLY___ ═
2025-12-09 14:35:14,945 INFO     ___FILE_ONLY___ ═
2025-12-09 14:35:14,955 INFO     ___FILE_ONLY___ ═
2025-12-09 14:35:14,964 INFO     ___FILE_ONLY___ ═
2025-12-09 14:35:14,975 INFO     ___FILE_ONLY___ ═
2025-12-09 14:35:14,983 INFO     ___FILE_ONLY___ ═
2025-12-09 14:35:14,993 INFO     ___FILE_ONLY___ ═
2025-12-09 14:35:15,005 INFO     ___FILE_ONLY___ ═
2025-12-09 14:35:15,018 INFO     ___FILE_ONLY___ ═
2025-12-09 14:35:15,030 INFO     ___FILE_ONLY___ ═
2025-12-09 14:35:15,043 INFO     ___FILE_ONLY___ ═
2025-12-09 14:35:15,056 INFO     ___FILE_ONLY___ ═
2025-12-09 14:35:15,068 INFO     ___FILE_ONLY___ ═
2025-12-09 14:35:15,082 INFO     ___FILE_ONLY___ ═
2025-12-09 14:35:15,097 INFO     ___FILE_ONLY___ ═
2025-12-09 14:35:15,117 INFO     ___FILE_ONLY___ ═
2025-12-09 14:35:15,137 INFO     ___FILE_ONLY___ ═
2025-12-09 14:35:15,154 INFO     ___FILE_ONLY___ ═
2025-12-09 14:35:15,154 INFO     ___FILE_ONLY___ ╝

2025-12-09 14:35:15,185 INFO     ___FILE_ONLY___ ╔════════════════════════════════════════════════════════════╗

2025-12-09 14:35:15,185 INFO     ___FILE_ONLY___ ╠═ Installing: Cloud Storage Command Line Tool (Platform... ═╣

2025-12-09 14:35:15,185 INFO     ___FILE_ONLY___ ╚
2025-12-09 14:35:15,186 INFO     ___FILE_ONLY___ ════════════════════════════════════════════════════════════
2025-12-09 14:35:15,186 INFO     ___FILE_ONLY___ ╝

2025-12-09 14:35:15,190 INFO     ___FILE_ONLY___ ╔════════════════════════════════════════════════════════════╗

2025-12-09 14:35:15,190 INFO     ___FILE_ONLY___ ╠═ Installing: Default set of gcloud commands               ═╣

2025-12-09 14:35:15,190 INFO     ___FILE_ONLY___ ╚
2025-12-09 14:35:15,193 INFO     ___FILE_ONLY___ ════════════════════════════════════════════════════════════
2025-12-09 14:35:15,193 INFO     ___FILE_ONLY___ ╝

2025-12-09 14:35:15,194 INFO     ___FILE_ONLY___ ╔════════════════════════════════════════════════════════════╗

2025-12-09 14:35:15,194 INFO     ___FILE_ONLY___ ╠═ Installing: Google Cloud CLI Core Libraries (Platform... ═╣

2025-12-09 14:35:15,195 INFO     ___FILE_ONLY___ ╚
2025-12-09 14:35:15,195 INFO     ___FILE_ONLY___ ══════════════════════════════
2025-12-09 14:35:15,196 INFO     ___FILE_ONLY___ ══════════════════════════════
2025-12-09 14:35:15,196 INFO     ___FILE_ONLY___ ╝

2025-12-09 14:35:15,200 INFO     ___FILE_ONLY___ ╔════════════════════════════════════════════════════════════╗

2025-12-09 14:35:15,200 INFO     ___FILE_ONLY___ ╠═ Installing: Google Cloud CRC32C Hash Tool                ═╣

2025-12-09 14:35:15,200 INFO     ___FILE_ONLY___ ╚
2025-12-09 14:35:15,203 INFO     ___FILE_ONLY___ ════════════════════════════════════════════════════════════
2025-12-09 14:35:15,203 INFO     ___FILE_ONLY___ ╝

2025-12-09 14:35:15,204 INFO     ___FILE_ONLY___ ╔════════════════════════════════════════════════════════════╗

2025-12-09 14:35:15,204 INFO     ___FILE_ONLY___ ╠═ Installing: Google Cloud CRC32C Hash Tool (Platform S... ═╣

2025-12-09 14:35:15,204 INFO     ___FILE_ONLY___ ╚
2025-12-09 14:35:15,240 INFO     ___FILE_ONLY___ ══════════════════════════════
2025-12-09 14:35:15,241 INFO     ___FILE_ONLY___ ══════════════════════════════
2025-12-09 14:35:15,241 INFO     ___FILE_ONLY___ ╝

2025-12-09 14:35:15,245 INFO     ___FILE_ONLY___ ╔════════════════════════════════════════════════════════════╗

2025-12-09 14:35:15,246 INFO     ___FILE_ONLY___ ╠═ Installing: gcloud cli dependencies (Platform Specific)  ═╣

2025-12-09 14:35:15,246 INFO     ___FILE_ONLY___ ╚
2025-12-09 14:35:15,246 INFO     ___FILE_ONLY___ ════════════════════════════════════════════════════════════
2025-12-09 14:35:15,246 INFO     ___FILE_ONLY___ ╝

2025-12-09 14:35:15,251 DEBUG    root            Updating notification cache...
2025-12-09 14:35:15,251 INFO     ___FILE_ONLY___ 

2025-12-09 14:35:15,253 INFO     ___FILE_ONLY___ Performing post processing steps...
2025-12-09 14:35:15,253 DEBUG    root            Executing command: ['/tools/google-cloud-sdk/bin/gcloud', 'components', 'post-process']
2025-12-09 14:35:23,833 DEBUG    ___FILE_ONLY___ 
2025-12-09 14:35:23,834 DEBUG    ___FILE_ONLY___ 
2025-12-09 14:35:24,048 INFO     root            descriptor_list: [{'universeDomain': 'googleapis.com', 'universeShortName': '', 'authenticationDomain': 'auth.cloud.google.com', 'projectPrefix': '', 'cloudWebDomain': 'cloud.google.com', 'documentationDomain': 'cloud.google.com', 'version': '1.0.0', 'state': 'primary', 'artifactRegistryDomain': 'pkg.dev'}]
2025-12-09 14:35:24,049 INFO     ___FILE_ONLY___ 
Update done!


2025-12-09 14:35:24,052 DEBUG    root            Chosen display Format:none
2025-12-09 14:35:24,052 INFO     root            Display format: "none"
